
> order-kingcup-nuxt-firestore@1.0.0 test:rules /home/runner/work/orderKingcup/orderKingcup
> firebase emulators:exec --only firestore "node --test --test-concurrency=1 tests/firestore.rules.test.mjs tests/warehouse.transactions.test.mjs"

[33m[1m⚠  emulators:[22m[39m You are not currently authenticated so some features may not work correctly. Please run [1mfirebase login[22m to authenticate the CLI.
[36m[1mi  emulators:[22m[39m Starting emulators: firestore
[33m[1m⚠ [22m[39m It appears you are running in a CI environment. You can avoid downloading the Firestore Emulator repeatedly by caching the /home/runner/.cache/firebase/emulators directory.
[36m[1mi  firestore:[22m[39m downloading cloud-firestore-emulator-v1.21.0.jar...

[36m[1mi  firestore:[22m[39m Firestore Emulator logging to [1mfirestore-debug.log[22m
[32m[1m✔  firestore:[22m[39m Firestore Emulator was started in standard edition.
[32m[1m✔  firestore:[22m[39m Firestore Emulator UI websocket is running on 9150.
[36m[1mi [22m[39m Running script: [1mnode --test --test-concurrency=1 tests/firestore.rules.test.mjs tests/warehouse.transactions.test.mjs[22m
TAP version 13
# Subtest: Xóa mềm order và order_items trong cùng batch là nguyên tử
ok 1 - Xóa mềm order và order_items trong cùng batch là nguyên tử
  ---
  duration_ms: 4481.172416
  ...
# Subtest: User A tạo payment chuẩn cho order A
ok 2 - User A tạo payment chuẩn cho order A
  ---
  duration_ms: 249.264139
  ...
# [2026-07-16T05:33:58.488Z]  @firebase/firestore: Firestore (11.10.0): GrpcConnection RPC 'Write' stream 0x8273ab3e error. Code: 7 Message: 7 PERMISSION_DENIED: 
# evaluation error at L885:24 for 'create' @ L885, evaluation error at L891:24 for 'update' @ L891, false for 'create' @ L885
# Subtest: User A không thể giả ownership để tạo payment cho order B
ok 3 - User A không thể giả ownership để tạo payment cho order B
  ---
  duration_ms: 188.145467
  ...
# [2026-07-16T05:33:58.654Z]  @firebase/firestore: Firestore (11.10.0): GrpcConnection RPC 'Write' stream 0x8273ab40 error. Code: 7 Message: 7 PERMISSION_DENIED: 
# evaluation error at L891:24 for 'update' @ L891, false for 'update' @ L891
# [2026-07-16T05:33:58.675Z]  @firebase/firestore: Firestore (11.10.0): GrpcConnection RPC 'Write' stream 0x8273ab41 error. Code: 7 Message: 7 PERMISSION_DENIED: 
# evaluation error at L913:24 for 'delete' @ L913, false for 'delete' @ L913
# Subtest: User A không thể sửa hoặc hard-delete payment của User B
ok 4 - User A không thể sửa hoặc hard-delete payment của User B
  ---
  duration_ms: 186.057976
  ...
# [2026-07-16T05:33:58.832Z]  @firebase/firestore: Firestore (11.10.0): GrpcConnection RPC 'Write' stream 0x8273ab43 error. Code: 7 Message: 7 PERMISSION_DENIED: 
# evaluation error at L948:24 for 'create' @ L948, Unable to evaluate the expression as the maximum of 1000 expressions to evaluate has been reached. for 'update' @ L952, false for 'create' @ L948
# Subtest: User A tạo phiếu xuất order A nhưng không thể giả phiếu cho order B
ok 5 - User A tạo phiếu xuất order A nhưng không thể giả phiếu cho order B
  ---
  duration_ms: 156.984225
  ...
# [2026-07-16T05:33:58.974Z]  @firebase/firestore: Firestore (11.10.0): GrpcConnection RPC 'Write' stream 0x8273ab45 error. Code: 7 Message: 7 PERMISSION_DENIED: 
# Unable to evaluate the expression as the maximum of 1000 expressions to evaluate has been reached. for 'update' @ L952, false for 'update' @ L952
# [2026-07-16T05:33:58.993Z]  @firebase/firestore: Firestore (11.10.0): GrpcConnection RPC 'Write' stream 0x8273ab46 error. Code: 7 Message: 7 PERMISSION_DENIED: 
# Unable to evaluate the expression as the maximum of 1000 expressions to evaluate has been reached. for 'update' @ L952, false for 'update' @ L952
# [2026-07-16T05:33:59.012Z]  @firebase/firestore: Firestore (11.10.0): GrpcConnection RPC 'Write' stream 0x8273ab47 error. Code: 7 Message: 7 PERMISSION_DENIED: 
# Unable to evaluate the expression as the maximum of 1000 expressions to evaluate has been reached. for 'update' @ L952, false for 'update' @ L952
# Subtest: Sale chỉ tạo/sửa yêu cầu, không được tự tiếp nhận, từ chối hoặc cho xuất kho
ok 6 - Sale chỉ tạo/sửa yêu cầu, không được tự tiếp nhận, từ chối hoặc cho xuất kho
  ---
  duration_ms: 179.672439
  ...
# Subtest: Sale sửa được yêu cầu đang chờ bằng đúng batch của page
ok 7 - Sale sửa được yêu cầu đang chờ bằng đúng batch của page
  ---
  duration_ms: 181.464209
  ...
# [2026-07-16T05:33:59.320Z]  @firebase/firestore: Firestore (11.10.0): GrpcConnection RPC 'Write' stream 0x8273ab4b error. Code: 7 Message: 7 PERMISSION_DENIED: 
# Unable to evaluate the expression as the maximum of 1000 expressions to evaluate has been reached. for 'update' @ L952, false for 'update' @ L952
# Subtest: Sale không thể giả updated_by khi sửa yêu cầu
ok 8 - Sale không thể giả updated_by khi sửa yêu cầu
  ---
  duration_ms: 126.230353
  ...
# Subtest: Sale xóa mềm được yêu cầu chưa được Kho tiếp nhận
ok 9 - Sale xóa mềm được yêu cầu chưa được Kho tiếp nhận
  ---
  duration_ms: 120.459545
  ...
# [2026-07-16T05:33:59.547Z]  @firebase/firestore: Firestore (11.10.0): GrpcConnection RPC 'Write' stream 0x8273ab4f error. Code: 7 Message: 7 PERMISSION_DENIED: 
# Unable to evaluate the expression as the maximum of 1000 expressions to evaluate has been reached. for 'update' @ L952, false for 'update' @ L952
# [2026-07-16T05:33:59.560Z]  @firebase/firestore: Firestore (11.10.0): GrpcConnection RPC 'Write' stream 0x8273ab50 error. Code: 7 Message: 7 PERMISSION_DENIED: 
# Unable to evaluate the expression as the maximum of 1000 expressions to evaluate has been reached. for 'update' @ L952, false for 'update' @ L952
# [2026-07-16T05:33:59.572Z]  @firebase/firestore: Firestore (11.10.0): GrpcConnection RPC 'Write' stream 0x8273ab51 error. Code: 7 Message: 7 PERMISSION_DENIED: 
# evaluation error at L957:24 for 'delete' @ L957, false for 'delete' @ L957
# Subtest: Kho đã tiếp nhận thì Sale không được sửa hoặc xóa yêu cầu
ok 10 - Kho đã tiếp nhận thì Sale không được sửa hoặc xóa yêu cầu
  ---
  duration_ms: 131.57474
  ...
# [2026-07-16T05:33:59.677Z]  @firebase/firestore: Firestore (11.10.0): GrpcConnection RPC 'Write' stream 0x8273ab53 error. Code: 7 Message: 7 PERMISSION_DENIED: 
# Unable to evaluate the expression as the maximum of 1000 expressions to evaluate has been reached. for 'update' @ L841, false for 'update' @ L841
# Subtest: User A không thể chiếm order_item của User B bằng owner request mới
ok 11 - User A không thể chiếm order_item của User B bằng owner request mới
  ---
  duration_ms: 105.653569
  ...
# [2026-07-16T05:33:59.779Z]  @firebase/firestore: Firestore (11.10.0): GrpcConnection RPC 'Write' stream 0x8273ab55 error. Code: 7 Message: 7 PERMISSION_DENIED: 
# evaluation error at L678:46 for 'update' @ L678, false for 'update' @ L678
# Subtest: User có users.manage không thể tự cấp quyền admin
ok 12 - User có users.manage không thể tự cấp quyền admin
  ---
  duration_ms: 101.088463
  ...
# [2026-07-16T05:33:59.897Z]  @firebase/firestore: Firestore (11.10.0): GrpcConnection RPC 'Write' stream 0x8273ab57 error. Code: 7 Message: 7 PERMISSION_DENIED: 
# Unable to evaluate the expression as the maximum of 1000 expressions to evaluate has been reached. for 'update' @ L952, false for 'update' @ L952
# [2026-07-16T05:33:59.910Z]  @firebase/firestore: Firestore (11.10.0): GrpcConnection RPC 'Write' stream 0x8273ab58 error. Code: 7 Message: 7 PERMISSION_DENIED: 
# Unable to evaluate the expression as the maximum of 1000 expressions to evaluate has been reached. for 'update' @ L952, false for 'update' @ L952
# Subtest: Warehouse chỉ sửa field xử lý, không sửa payload phiếu
ok 13 - Warehouse chỉ sửa field xử lý, không sửa payload phiếu
  ---
  duration_ms: 131.318432
  ...
# [2026-07-16T05:34:00.044Z]  @firebase/firestore: Firestore (11.10.0): GrpcConnection RPC 'Write' stream 0x8273ab5b error. Code: 7 Message: 7 PERMISSION_DENIED: 
# Unable to evaluate the expression as the maximum of 1000 expressions to evaluate has been reached. for 'update' @ L952, false for 'update' @ L952
# Subtest: Quyền trang Kho xử lý YC xuất chỉ được đọc, không được xử lý
ok 14 - Quyền trang Kho xử lý YC xuất chỉ được đọc, không được xử lý
  ---
  duration_ms: 133.61851
  ...
# [2026-07-16T05:34:00.143Z]  @firebase/firestore: Firestore (11.10.0): GrpcConnection RPC 'Write' stream 0x8273ab5d error. Code: 7 Message: 7 PERMISSION_DENIED: 
# Unable to evaluate the expression as the maximum of 1000 expressions to evaluate has been reached. for 'update' @ L952, false for 'update' @ L952
# [2026-07-16T05:34:00.158Z]  @firebase/firestore: Firestore (11.10.0): GrpcConnection RPC 'Write' stream 0x8273ab5e error. Code: 7 Message: 7 PERMISSION_DENIED: 
# Unable to evaluate the expression as the maximum of 1000 expressions to evaluate has been reached. for 'update' @ L952, false for 'update' @ L952
# Subtest: Quyền tiếp nhận chỉ được tiếp nhận, không được từ chối hoặc cho xuất
ok 15 - Quyền tiếp nhận chỉ được tiếp nhận, không được từ chối hoặc cho xuất
  ---
  duration_ms: 113.465482
  ...
# [2026-07-16T05:34:00.257Z]  @firebase/firestore: Firestore (11.10.0): GrpcConnection RPC 'Write' stream 0x8273ab60 error. Code: 7 Message: 7 PERMISSION_DENIED: 
# Unable to evaluate the expression as the maximum of 1000 expressions to evaluate has been reached. for 'update' @ L952, false for 'update' @ L952
# [2026-07-16T05:34:00.270Z]  @firebase/firestore: Firestore (11.10.0): GrpcConnection RPC 'Write' stream 0x8273ab61 error. Code: 7 Message: 7 PERMISSION_DENIED: 
# evaluation error at L1135:24 for 'create' @ L1135, evaluation error at L1137:24 for 'update' @ L1137, false for 'create' @ L1135
# Subtest: Quyền từ chối chỉ được từ chối, không được tiếp nhận hoặc cho xuất
ok 16 - Quyền từ chối chỉ được từ chối, không được tiếp nhận hoặc cho xuất
  ---
  duration_ms: 112.31026
  ...
# Subtest: Quyền cho xuất được tạo phiếu xuất thật, ghi tồn và cập nhật request/order
ok 17 - Quyền cho xuất được tạo phiếu xuất thật, ghi tồn và cập nhật request/order
  ---
  duration_ms: 163.923267
  ...
# [2026-07-16T05:34:00.528Z]  @firebase/firestore: Firestore (11.10.0): GrpcConnection RPC 'Write' stream 0x8273ab65 error. Code: 7 Message: 7 PERMISSION_DENIED: 
# Unable to evaluate the expression as the maximum of 1000 expressions to evaluate has been reached. for 'update' @ L989, Unable to evaluate the expression as the maximum of 1000 expressions to evaluate has been reached. for 'update' @ L989
# [2026-07-16T05:34:00.541Z]  @firebase/firestore: Firestore (11.10.0): GrpcConnection RPC 'Write' stream 0x8273ab66 error. Code: 7 Message: 7 PERMISSION_DENIED: 
# Unable to evaluate the expression as the maximum of 1000 expressions to evaluate has been reached. for 'update' @ L1035, Unable to evaluate the expression as the maximum of 1000 expressions to evaluate has been reached. for 'update' @ L1035
# Subtest: User A không sửa shipment/invoice của User B
ok 18 - User A không sửa shipment/invoice của User B
  ---
  duration_ms: 106.881005
  ...
# [2026-07-16T05:34:00.702Z]  @firebase/firestore: Firestore (11.10.0): GrpcConnection RPC 'Write' stream 0x8273ab69 error. Code: 7 Message: 7 PERMISSION_DENIED: 
# evaluation error at L708:24 for 'update' @ L708, false for 'update' @ L708
# Subtest: Customer chỉ hiển thị và sửa dữ liệu của chính user
ok 19 - Customer chỉ hiển thị và sửa dữ liệu của chính user
  ---
  duration_ms: 160.556415
  ...
# Subtest: Query customer theo created_by được phép, query toàn bộ bị chặn
ok 20 - Query customer theo created_by được phép, query toàn bộ bị chặn
  ---
  duration_ms: 168.147645
  ...
# Subtest: Query realtime Sale theo ownership và Kho theo toàn bộ phiếu được phép
ok 21 - Query realtime Sale theo ownership và Kho theo toàn bộ phiếu được phép
  ---
  duration_ms: 202.143097
  ...
# Subtest: Admin đọc và sửa dữ liệu của mọi user
ok 22 - Admin đọc và sửa dữ liệu của mọi user
  ---
  duration_ms: 103.995413
  ...
# [2026-07-16T05:34:01.268Z]  @firebase/firestore: Firestore (11.10.0): GrpcConnection RPC 'Write' stream 0x8273ab73 error. Code: 7 Message: 7 PERMISSION_DENIED: 
# Unable to evaluate the expression as the maximum of 1000 expressions to evaluate has been reached. for 'update' @ L775, Unable to evaluate the expression as the maximum of 1000 expressions to evaluate has been reached. for 'update' @ L775
# [2026-07-16T05:34:01.284Z]  @firebase/firestore: Firestore (11.10.0): GrpcConnection RPC 'Write' stream 0x8273ab74 error. Code: 7 Message: 7 PERMISSION_DENIED: 
# evaluation error at L811:24 for 'delete' @ L811, false for 'delete' @ L811
# Subtest: User A không thể sửa hoặc xóa order của User B
ok 23 - User A không thể sửa hoặc xóa order của User B
  ---
  duration_ms: 107.325349
  ...
# [2026-07-16T05:34:01.395Z]  @firebase/firestore: Firestore (11.10.0): GrpcConnection RPC 'Write' stream 0x8273ab76 error. Code: 7 Message: 7 PERMISSION_DENIED: 
# evaluation error at L891:24 for 'update' @ L891, false for 'update' @ L891
# Subtest: User A không thể đổi order_id của payment thuộc mình sang order B
ok 24 - User A không thể đổi order_id của payment thuộc mình sang order B
  ---
  duration_ms: 111.154077
  ...
# [2026-07-16T05:34:01.514Z]  @firebase/firestore: Firestore (11.10.0): GrpcConnection RPC 'Write' stream 0x8273ab78 error. Code: 7 Message: 7 PERMISSION_DENIED: 
# evaluation error at L983:24 for 'create' @ L983, Unable to evaluate the expression as the maximum of 1000 expressions to evaluate has been reached. for 'update' @ L989, false for 'create' @ L983
# [2026-07-16T05:34:01.526Z]  @firebase/firestore: Firestore (11.10.0): GrpcConnection RPC 'Write' stream 0x8273ab79 error. Code: 7 Message: 7 PERMISSION_DENIED: 
# evaluation error at L1029:24 for 'create' @ L1029, Unable to evaluate the expression as the maximum of 1000 expressions to evaluate has been reached. for 'update' @ L1035, false for 'create' @ L1029
# Subtest: User A không thể tạo shipment hoặc invoice giả cho order B
ok 25 - User A không thể tạo shipment hoặc invoice giả cho order B
  ---
  duration_ms: 130.665603
  ...
# [2026-07-16T05:34:01.609Z]  @firebase/firestore: Firestore (11.10.0): GrpcConnection RPC 'Write' stream 0x8273ab7b error. Code: 7 Message: 7 PERMISSION_DENIED: 
# evaluation error at L1008:24 for 'delete' @ L1008, false for 'delete' @ L1008
# [2026-07-16T05:34:01.620Z]  @firebase/firestore: Firestore (11.10.0): GrpcConnection RPC 'Write' stream 0x8273ab7c error. Code: 7 Message: 7 PERMISSION_DENIED: 
# evaluation error at L1054:24 for 'delete' @ L1054, false for 'delete' @ L1054
# Subtest: User A không thể hard-delete shipment hoặc invoice của User B
ok 26 - User A không thể hard-delete shipment hoặc invoice của User B
  ---
  duration_ms: 94.58633
  ...
# [2026-07-16T05:34:01.732Z]  @firebase/firestore: Firestore (11.10.0): GrpcConnection RPC 'Write' stream 0x8273ab7e error. Code: 7 Message: 7 PERMISSION_DENIED: 
# evaluation error at L683:40 for 'create' @ L683, evaluation error at L683:40 for 'update' @ L683, false for 'create' @ L683
# [2026-07-16T05:34:01.751Z]  @firebase/firestore: Firestore (11.10.0): GrpcConnection RPC 'Write' stream 0x8273ab7f error. Code: 7 Message: 7 PERMISSION_DENIED: 
# evaluation error at L683:40 for 'update' @ L683, false for 'update' @ L683
# [2026-07-16T05:34:01.761Z]  @firebase/firestore: Firestore (11.10.0): GrpcConnection RPC 'Write' stream 0x8273ab80 error. Code: 7 Message: 7 PERMISSION_DENIED: 
# evaluation error at L683:40 for 'delete' @ L683, false for 'delete' @ L683
# Subtest: User thường không thể tạo, sửa hoặc xóa role
ok 27 - User thường không thể tạo, sửa hoặc xóa role
  ---
  duration_ms: 140.659428
  ...
# Subtest: Tương thích user status Hoạt động và role Admin cũ
ok 28 - Tương thích user status Hoạt động và role Admin cũ
  ---
  duration_ms: 123.771991
  ...
# [2026-07-16T05:34:01.979Z]  @firebase/firestore: Firestore (11.10.0): GrpcConnection RPC 'Write' stream 0x8273ab85 error. Code: 7 Message: 7 PERMISSION_DENIED: 
# evaluation error at L836:24 for 'create' @ L836, Unable to evaluate the expression as the maximum of 1000 expressions to evaluate has been reached. for 'update' @ L841, false for 'create' @ L836
# Subtest: Order item dùng owner_email/created_by/sale_email và đối chiếu parent thật
ok 29 - Order item dùng owner_email/created_by/sale_email và đối chiếu parent thật
  ---
  duration_ms: 94.31883
  ...
# Subtest: Admin có thể tạo dữ liệu con cho order của user khác
ok 30 - Admin có thể tạo dữ liệu con cho order của user khác
  ---
  duration_ms: 101.312609
  ...
# [2026-07-16T05:34:02.202Z]  @firebase/firestore: Firestore (11.10.0): GrpcConnection RPC 'Write' stream 0x8273ab89 error. Code: 7 Message: 7 PERMISSION_DENIED: 
# Unable to evaluate the expression as the maximum of 1000 expressions to evaluate has been reached. for 'update' @ L952, false for 'update' @ L952
# [2026-07-16T05:34:02.213Z]  @firebase/firestore: Firestore (11.10.0): GrpcConnection RPC 'Write' stream 0x8273ab8a error. Code: 7 Message: 7 PERMISSION_DENIED: 
# evaluation error at L957:24 for 'delete' @ L957, false for 'delete' @ L957
# Subtest: Chủ phiếu chỉ sửa khi phiếu còn ở trạng thái cho phép
ok 31 - Chủ phiếu chỉ sửa khi phiếu còn ở trạng thái cho phép
  ---
  duration_ms: 132.80924
  ...
# [2026-07-16T05:34:02.296Z]  @firebase/firestore: Firestore (11.10.0): GrpcConnection RPC 'Write' stream 0x8273ab8c error. Code: 7 Message: 7 PERMISSION_DENIED: 
# Unable to evaluate the expression as the maximum of 1000 expressions to evaluate has been reached. for 'update' @ L775, false for 'update' @ L775
# [2026-07-16T05:34:02.306Z]  @firebase/firestore: Firestore (11.10.0): GrpcConnection RPC 'Write' stream 0x8273ab8d error. Code: 7 Message: 7 PERMISSION_DENIED: 
# Unable to evaluate the expression as the maximum of 1000 expressions to evaluate has been reached. for 'update' @ L775, Unable to evaluate the expression as the maximum of 1000 expressions to evaluate has been reached. for 'update' @ L775
# Subtest: Quyền orders.edit không được giả trạng thái thanh toán hoặc kho
ok 32 - Quyền orders.edit không được giả trạng thái thanh toán hoặc kho
  ---
  duration_ms: 92.249018
  ...
# [2026-07-16T05:34:02.401Z]  @firebase/firestore: Firestore (11.10.0): GrpcConnection RPC 'Write' stream 0x8273ab8f error. Code: 7 Message: 7 PERMISSION_DENIED: 
# false for 'delete' @ L757
# Subtest: User có quyền sản phẩm được thêm, sửa và xóa mềm nhưng không hard-delete
ok 33 - User có quyền sản phẩm được thêm, sửa và xóa mềm nhưng không hard-delete
  ---
  duration_ms: 95.547009
  ...
# [2026-07-16T05:34:02.482Z]  @firebase/firestore: Firestore (11.10.0): GrpcConnection RPC 'Write' stream 0x8273ab91 error. Code: 7 Message: 7 PERMISSION_DENIED: 
# Unable to evaluate the expression as the maximum of 1000 expressions to evaluate has been reached. for 'update' @ L952, false for 'update' @ L952
# Subtest: Chủ phiếu được xóa mềm phiếu chưa xuất nhưng không xóa phiếu đã xuất
ok 34 - Chủ phiếu được xóa mềm phiếu chưa xuất nhưng không xóa phiếu đã xuất
  ---
  duration_ms: 80.178675
  ...
# [2026-07-16T05:34:02.566Z]  @firebase/firestore: Firestore (11.10.0): GrpcConnection RPC 'Write' stream 0x8273ab93 error. Code: 7 Message: 7 PERMISSION_DENIED: 
# Unable to evaluate the expression as the maximum of 1000 expressions to evaluate has been reached. for 'update' @ L775, Unable to evaluate the expression as the maximum of 1000 expressions to evaluate has been reached. for 'update' @ L775
# [2026-07-16T05:34:02.575Z]  @firebase/firestore: Firestore (11.10.0): GrpcConnection RPC 'Write' stream 0x8273ab94 error. Code: 7 Message: 7 PERMISSION_DENIED: 
# evaluation error at L811:24 for 'delete' @ L811, false for 'delete' @ L811
# Subtest: Không thể xóa mềm đơn đã có số lượng xuất kho
ok 35 - Không thể xóa mềm đơn đã có số lượng xuất kho
  ---
  duration_ms: 93.472725
  ...
# [2026-07-16T05:34:02.681Z]  @firebase/firestore: Firestore (11.10.0): GrpcConnection RPC 'Write' stream 0x8273ab96 error. Code: 7 Message: 7 PERMISSION_DENIED: 
# evaluation error at L1309:24 for 'update' @ L1309, false for 'update' @ L1309
# Subtest: Người nhận notification chỉ được đổi trạng thái đọc, không đổi người nhận hoặc nội dung
ok 36 - Người nhận notification chỉ được đổi trạng thái đọc, không đổi người nhận hoặc nội dung
  ---
  duration_ms: 105.996953
  ...
# Subtest: Tạo phiếu xuất và cập nhật tổng hợp đơn trong cùng batch
ok 37 - Tạo phiếu xuất và cập nhật tổng hợp đơn trong cùng batch
  ---
  duration_ms: 112.740645
  ...
# Subtest: Xóa mềm phiếu chưa xuất và cập nhật lại tổng hợp đơn trong cùng batch
ok 38 - Xóa mềm phiếu chưa xuất và cập nhật lại tổng hợp đơn trong cùng batch
  ---
  duration_ms: 80.238605
  ...
# [2026-07-16T05:34:02.993Z]  @firebase/firestore: Firestore (11.10.0): GrpcConnection RPC 'Write' stream 0x8273ab9e error. Code: 7 Message: 7 PERMISSION_DENIED: 
# false for 'create' @ L1068, evaluation error at L1070:24 for 'update' @ L1070, false for 'create' @ L1068
# Subtest: Warehouse catalog: user có quyền quản lý đọc/tạo được, user thường bị chặn
ok 39 - Warehouse catalog: user có quyền quản lý đọc/tạo được, user thường bị chặn
  ---
  duration_ms: 118.425101
  ...
# [2026-07-16T05:34:03.072Z]  @firebase/firestore: Firestore (11.10.0): GrpcConnection RPC 'Write' stream 0x8273aba0 error. Code: 7 Message: 7 PERMISSION_DENIED: 
# evaluation error at L1070:24 for 'update' @ L1070, false for 'update' @ L1070
# Subtest: Warehouse catalog: không cho sửa danh tính legacy/source của kho
ok 40 - Warehouse catalog: không cho sửa danh tính legacy/source của kho
  ---
  duration_ms: 78.955303
  ...
# [2026-07-16T05:34:03.158Z]  @firebase/firestore: Firestore (11.10.0): GrpcConnection RPC 'Write' stream 0x8273aba2 error. Code: 7 Message: 7 PERMISSION_DENIED: 
# false for 'create' @ L1113, evaluation error at L1118:24 for 'update' @ L1118, false for 'create' @ L1113
# [2026-07-16T05:34:03.181Z]  @firebase/firestore: Firestore (11.10.0): GrpcConnection RPC 'Write' stream 0x8273aba3 error. Code: 7 Message: 7 PERMISSION_DENIED: 
# evaluation error at L1095:24 for 'create' @ L1095, evaluation error at L1097:24 for 'update' @ L1097, false for 'create' @ L1095
# Subtest: Nhập kho Firestore: chỉ user có import.create được tạo phiếu và số lượng phải dương
ok 41 - Nhập kho Firestore: chỉ user có import.create được tạo phiếu và số lượng phải dương
  ---
  duration_ms: 108.774379
  ...
# Subtest: Xóa mềm phiếu nhập Firestore: import.delete được đảo tồn bằng movement và balance
ok 42 - Xóa mềm phiếu nhập Firestore: import.delete được đảo tồn bằng movement và balance
  ---
  duration_ms: 75.557164
  ...
# [2026-07-16T05:34:03.336Z]  @firebase/firestore: Firestore (11.10.0): GrpcConnection RPC 'Write' stream 0x8273aba7 error. Code: 7 Message: 7 PERMISSION_DENIED: 
# false for 'create' @ L1170, evaluation error at L1181:24 for 'update' @ L1181, false for 'create' @ L1170
# Subtest: Xuất kho thật Firestore: tạo phiếu xuất thật và chi tiết phải có số lượng dương
ok 43 - Xuất kho thật Firestore: tạo phiếu xuất thật và chi tiết phải có số lượng dương
  ---
  duration_ms: 79.159917
  ...
# [2026-07-16T05:34:03.452Z]  @firebase/firestore: Firestore (11.10.0): GrpcConnection RPC 'Write' stream 0x8273abac error. Code: 7 Message: 7 PERMISSION_DENIED: 
# evaluation error at L1259:32 for 'update' @ L1259, false for 'update' @ L1259
# Subtest: Tồn kho Firestore: đọc theo quyền, không cho ghi tồn âm
ok 44 - Tồn kho Firestore: đọc theo quyền, không cho ghi tồn âm
  ---
  duration_ms: 116.334267
  ...
# [2026-07-16T05:34:03.526Z]  @firebase/firestore: Firestore (11.10.0): GrpcConnection RPC 'Write' stream 0x8273abae error. Code: 7 Message: 7 PERMISSION_DENIED: 
# evaluation error at L1254:32 for 'update' @ L1254, false for 'update' @ L1254
# Subtest: Stock movements là append-only với client kho, chỉ admin được sửa lịch sử
ok 45 - Stock movements là append-only với client kho, chỉ admin được sửa lịch sử
  ---
  duration_ms: 88.566292
  ...
# Subtest: Phiếu xuất thủ công được sửa và hủy mềm với đúng quyền
ok 46 - Phiếu xuất thủ công được sửa và hủy mềm với đúng quyền
  ---
  duration_ms: 74.110412
  ...
# [2026-07-16T05:34:03.684Z]  @firebase/firestore: Firestore (11.10.0): GrpcConnection RPC 'Write' stream 0x8273abb3 error. Code: 7 Message: 7 PERMISSION_DENIED: 
# evaluation error at L1137:24 for 'update' @ L1137, false for 'update' @ L1137
# [2026-07-16T05:34:03.695Z]  @firebase/firestore: Firestore (11.10.0): GrpcConnection RPC 'Write' stream 0x8273abb4 error. Code: 7 Message: 7 PERMISSION_DENIED: 
# evaluation error at L1137:24 for 'update' @ L1137, false for 'update' @ L1137
# [2026-07-16T05:34:03.707Z]  @firebase/firestore: Firestore (11.10.0): GrpcConnection RPC 'Write' stream 0x8273abb5 error. Code: 7 Message: 7 PERMISSION_DENIED: 
# evaluation error at L1181:24 for 'update' @ L1181, false for 'update' @ L1181
# Subtest: Phiếu xuất sinh từ order_export_requests bị khóa sửa và hủy trực tiếp
ok 47 - Phiếu xuất sinh từ order_export_requests bị khóa sửa và hủy trực tiếp
  ---
  duration_ms: 92.131654
  ...
# [2026-07-16T05:34:03.784Z]  @firebase/firestore: Firestore (11.10.0): GrpcConnection RPC 'Write' stream 0x8273abb7 error. Code: 7 Message: 7 PERMISSION_DENIED: 
# evaluation error at L1259:32 for 'update' @ L1259, false for 'update' @ L1259
# Subtest: export.delete được ghi movement hoàn tồn và cập nhật balance không âm
ok 48 - export.delete được ghi movement hoàn tồn và cập nhật balance không âm
  ---
  duration_ms: 76.996419
  ...
# [2026-07-16T05:34:03.839Z]  @firebase/firestore: Firestore (11.10.0): GrpcConnection RPC 'Write' stream 0x8273abb9 error. Code: 7 Message: 7 PERMISSION_DENIED: 
# evaluation error at L1208:32 for 'update' @ L1208, false for 'update' @ L1208
# [2026-07-16T05:34:03.845Z]  @firebase/firestore: Firestore (11.10.0): GrpcConnection RPC 'Write' stream 0x8273abba error. Code: 7 Message: 7 PERMISSION_DENIED: 
# evaluation error at L1208:32 for 'delete' @ L1208, false for 'delete' @ L1208
# Subtest: Điều chỉnh tồn là append-only với user kho
ok 49 - Điều chỉnh tồn là append-only với user kho
  ---
  duration_ms: 81.624506
  ...
# Subtest: Thông báo cá nhân chỉ được query bởi đúng người nhận
ok 50 - Thông báo cá nhân chỉ được query bởi đúng người nhận
  ---
  duration_ms: 72.34691
  ...
# Subtest: Thông báo broadcast của kho chỉ đọc được bởi user có quyền trang và quyền xử lý phù hợp
ok 51 - Thông báo broadcast của kho chỉ đọc được bởi user có quyền trang và quyền xử lý phù hợp
  ---
  duration_ms: 130.845201
  ...
# [2026-07-16T05:34:04.143Z]  @firebase/firestore: Firestore (11.10.0): GrpcConnection RPC 'Write' stream 0x8273abc6 error. Code: 7 Message: 7 PERMISSION_DENIED: 
# evaluation error at L1302:24 for 'create' @ L1302, evaluation error at L1309:24 for 'update' @ L1309, false for 'create' @ L1302
# Subtest: Sale có quyền tạo yêu cầu được tạo thông báo broadcast cho kho
ok 52 - Sale có quyền tạo yêu cầu được tạo thông báo broadcast cho kho
  ---
  duration_ms: 73.611242
  ...
# [2026-07-16T05:34:04.264Z]  @firebase/firestore: Firestore (11.10.0): GrpcConnection RPC 'Write' stream 0x8273abca error. Code: 7 Message: 7 PERMISSION_DENIED: 
# false for 'create' @ L1332, false for 'update' @ L1337
# Subtest: Mỗi user chỉ được tạo và đọc trạng thái đã đọc của chính mình
ok 53 - Mỗi user chỉ được tạo và đọc trạng thái đã đọc của chính mình
  ---
  duration_ms: 121.703753
  ...
# Subtest: Sale sửa yêu cầu được gửi broadcast cập nhật cho đúng nhóm Kho xử lý
ok 54 - Sale sửa yêu cầu được gửi broadcast cập nhật cho đúng nhóm Kho xử lý
  ---
  duration_ms: 115.360766
  ...
# Subtest: V7.4 cho phép sửa đơn và trạng thái hóa đơn nguyên tử khi đủ quyền
ok 55 - V7.4 cho phép sửa đơn và trạng thái hóa đơn nguyên tử khi đủ quyền
  ---
  duration_ms: 75.879839
  ...
# [2026-07-16T05:34:04.525Z]  @firebase/firestore: Firestore (11.10.0): GrpcConnection RPC 'Write' stream 0x8273abd2 error. Code: 7 Message: 7 PERMISSION_DENIED: 
# Unable to evaluate the expression as the maximum of 1000 expressions to evaluate has been reached. for 'update' @ L775, Unable to evaluate the expression as the maximum of 1000 expressions to evaluate has been reached. for 'update' @ L775
# Subtest: V7.4 chặn đổi trạng thái hóa đơn khi chỉ có quyền sửa đơn
ok 56 - V7.4 chặn đổi trạng thái hóa đơn khi chỉ có quyền sửa đơn
  ---
  duration_ms: 68.990238
  ...
# Subtest: V7.4 inventory viewer đọc được sản phẩm để lọc sản phẩm đã xóa
ok 57 - V7.4 inventory viewer đọc được sản phẩm để lọc sản phẩm đã xóa
  ---
  duration_ms: 58.827131
  ...
# [2026-07-16T05:34:04.639Z]  @firebase/firestore: Firestore (11.10.0): GrpcConnection RPC 'Write' stream 0x8273abd6 error. Code: 7 Message: 7 PERMISSION_DENIED: 
# false for 'delete' @ L725
# [2026-07-16T05:34:04.643Z]  @firebase/firestore: Firestore (11.10.0): GrpcConnection RPC 'Write' stream 0x8273abd7 error. Code: 7 Message: 7 PERMISSION_DENIED: 
# false for 'delete' @ L757
# Subtest: V7.4 không tài khoản nào được hard-delete khách hàng hoặc sản phẩm
ok 58 - V7.4 không tài khoản nào được hard-delete khách hàng hoặc sản phẩm
  ---
  duration_ms: 59.102538
  ...
# [2026-07-16T05:34:04.721Z]  @firebase/firestore: Firestore (11.10.0): GrpcConnection RPC 'Write' stream 0x8273abd9 error. Code: 7 Message: 7 PERMISSION_DENIED: 
# evaluation error at L1218:24 for 'update' @ L1218, false for 'update' @ L1218
# [2026-07-16T05:34:04.728Z]  @firebase/firestore: Firestore (11.10.0): GrpcConnection RPC 'Write' stream 0x8273abda error. Code: 7 Message: 7 PERMISSION_DENIED: 
# false for 'delete' @ L1233
# Subtest: V7.5 cho phép nghiệp vụ kho tạo operation key bất biến
ok 59 - V7.5 cho phép nghiệp vụ kho tạo operation key bất biến
  ---
  duration_ms: 85.037839
  ...
# [2026-07-16T05:34:04.782Z]  @firebase/firestore: Firestore (11.10.0): GrpcConnection RPC 'Write' stream 0x8273abdc error. Code: 7 Message: 7 PERMISSION_DENIED: 
# evaluation error at L1214:24 for 'create' @ L1214, evaluation error at L1218:24 for 'update' @ L1218, false for 'create' @ L1214
# Subtest: V7.5 người không có quyền kho không được tạo operation key
ok 60 - V7.5 người không có quyền kho không được tạo operation key
  ---
  duration_ms: 53.390501
  ...
# Subtest: V7.5 quyền release được ghi revision và operation id khi cho xuất
ok 61 - V7.5 quyền release được ghi revision và operation id khi cho xuất
  ---
  duration_ms: 65.840054
  ...
# Subtest: V7.5 cùng operation id chỉ áp tồn một lần khi hai transaction chạy đồng thời
not ok 62 - V7.5 cùng operation id chỉ áp tồn một lần khi hai transaction chạy đồng thời
  ---
  duration_ms: 2927.724954
  location: '/home/runner/work/orderKingcup/orderKingcup/tests/warehouse.transactions.test.mjs:82:1'
  failureType: 'testCodeFailure'
  error: 'updateDoc is not defined'
  code: 'ERR_TEST_FAILURE'
  name: 'ReferenceError'
  stack: |-
    TestContext.<anonymous> (file:///home/runner/work/orderKingcup/orderKingcup/tests/warehouse.transactions.test.mjs:151:3)
    process.processTicksAndRejections (node:internal/process/task_queues:95:5)
    async Test.run (node:internal/test_runner/test:797:9)
    async Test.processPendingSubtests (node:internal/test_runner/test:526:7)
  ...
# Subtest: V7.5 revision chỉ cho một transaction cập nhật phiếu xuất tại cùng phiên bản
ok 63 - V7.5 revision chỉ cho một transaction cập nhật phiếu xuất tại cùng phiên bản
  ---
  duration_ms: 1379.564851
  ...
1..63
# tests 63
# suites 0
# pass 62
# fail 1
# cancelled 0
# skipped 0
# todo 0
# duration_ms 16030.468456
[33m[1m⚠ [22m[39m Script exited unsuccessfully (code 1)
[36m[1mi  emulators:[22m[39m Shutting down emulators.
[36m[1mi  firestore:[22m[39m Stopping Firestore Emulator
[36m[1mi  hub:[22m[39m Stopping emulator hub
[36m[1mi  logging:[22m[39m Stopping Logging Emulator

[1m[31mError:[39m[22m Script "[1mnode --test --test-concurrency=1 tests/firestore.rules.test.mjs tests/warehouse.transactions.test.mjs[22m" exited with code 1
 ELIFECYCLE  Command failed with exit code 1.
