[33m[1m⚠  emulators:[22m[39m You are not currently authenticated so some features may not work correctly. Please run [1mfirebase login[22m to authenticate the CLI.
[36m[1mi  emulators:[22m[39m Starting emulators: firestore
[33m[1m⚠ [22m[39m It appears you are running in a CI environment. You can avoid downloading the Firestore Emulator repeatedly by caching the /home/runner/.cache/firebase/emulators directory.
[36m[1mi  firestore:[22m[39m downloading cloud-firestore-emulator-v1.21.0.jar...

[36m[1mi  firestore:[22m[39m Firestore Emulator logging to [1mfirestore-debug.log[22m
[32m[1m✔  firestore:[22m[39m Firestore Emulator was started in standard edition.
[32m[1m✔  firestore:[22m[39m Firestore Emulator UI websocket is running on 9150.
[36m[1mi [22m[39m Running script: [1mnode --test --test-concurrency=1 tests/dashboard-aggregation.rules.test.mjs[22m
TAP version 13
# Subtest: admin dashboard aggregate and bounded recent queries return active business totals
not ok 1 - admin dashboard aggregate and bounded recent queries return active business totals
  ---
  duration_ms: 5635.733595
  location: '/home/runner/work/orderKingcup/orderKingcup/tests/dashboard-aggregation.rules.test.mjs:60:1'
  failureType: 'testCodeFailure'
  error: |-
    7 PERMISSION_DENIED: 
    Unable to evaluate the expression as the maximum of 1000 expressions to evaluate has been reached. for 'list' @ L1597
  code: 'permission-denied'
  name: 'FirebaseError'
  ...
# Subtest: scoped user cannot run the unscoped admin dashboard aggregate
ok 2 - scoped user cannot run the unscoped admin dashboard aggregate
  ---
  duration_ms: 150.196076
  ...
1..2
# tests 2
# suites 0
# pass 1
# fail 1
# cancelled 0
# skipped 0
# todo 0
# duration_ms 6006.637687
[33m[1m⚠ [22m[39m Script exited unsuccessfully (code 1)
[36m[1mi  emulators:[22m[39m Shutting down emulators.
[36m[1mi  firestore:[22m[39m Stopping Firestore Emulator
[36m[1mi  hub:[22m[39m Stopping emulator hub
[36m[1mi  logging:[22m[39m Stopping Logging Emulator

[1m[31mError:[39m[22m Script "[1mnode --test --test-concurrency=1 tests/dashboard-aggregation.rules.test.mjs[22m" exited with code 1
